2018-08-15 02:23:02 Error: [InvalidArgumentException] The plugin class `Acl\Plugin` cannot be found. Ensure your autoloader is correct. in /var/www/html/src/cakephp/vendor/cakephp/cakephp/src/Http/BaseApplication.php on line 127
Stack Trace:
#0 /var/www/html/src/cakephp/vendor/cakephp/cakephp/src/Http/BaseApplication.php(95): Cake\Http\BaseApplication->makePlugin('Acl\\Plugin', Array)
#1 /var/www/html/src/cakephp/src/Application.php(38): Cake\Http\BaseApplication->addPlugin('Acl')
#2 /var/www/html/src/cakephp/vendor/cakephp/cakephp/src/Console/CommandRunner.php(191): App\Application->bootstrap()
#3 /var/www/html/src/cakephp/vendor/cakephp/cakephp/src/Console/CommandRunner.php(136): Cake\Console\CommandRunner->bootstrap()
#4 /var/www/html/src/cakephp/bin/cake.php(12): Cake\Console\CommandRunner->run(Array)
#5 {main}


2018-08-15 02:25:01 Error: [InvalidArgumentException] The plugin class `Acl\Plugin` cannot be found. Ensure your autoloader is correct. in /var/www/html/src/cakephp/vendor/cakephp/cakephp/src/Http/BaseApplication.php on line 127
Stack Trace:
#0 /var/www/html/src/cakephp/vendor/cakephp/cakephp/src/Http/BaseApplication.php(95): Cake\Http\BaseApplication->makePlugin('Acl\\Plugin', Array)
#1 /var/www/html/src/cakephp/src/Application.php(38): Cake\Http\BaseApplication->addPlugin('Acl')
#2 /var/www/html/src/cakephp/vendor/cakephp/cakephp/src/Console/CommandRunner.php(191): App\Application->bootstrap()
#3 /var/www/html/src/cakephp/vendor/cakephp/cakephp/src/Console/CommandRunner.php(136): Cake\Console\CommandRunner->bootstrap()
#4 /var/www/html/src/cakephp/bin/cake.php(12): Cake\Console\CommandRunner->run(Array)
#5 {main}


2018-08-15 02:25:03 Error: [InvalidArgumentException] The plugin class `Acl\Plugin` cannot be found. Ensure your autoloader is correct. in /var/www/html/src/cakephp/vendor/cakephp/cakephp/src/Http/BaseApplication.php on line 127
Stack Trace:
#0 /var/www/html/src/cakephp/vendor/cakephp/cakephp/src/Http/BaseApplication.php(95): Cake\Http\BaseApplication->makePlugin('Acl\\Plugin', Array)
#1 /var/www/html/src/cakephp/src/Application.php(38): Cake\Http\BaseApplication->addPlugin('Acl')
#2 /var/www/html/src/cakephp/vendor/cakephp/cakephp/src/Console/CommandRunner.php(191): App\Application->bootstrap()
#3 /var/www/html/src/cakephp/vendor/cakephp/cakephp/src/Console/CommandRunner.php(136): Cake\Console\CommandRunner->bootstrap()
#4 /var/www/html/src/cakephp/bin/cake.php(12): Cake\Console\CommandRunner->run(Array)
#5 {main}


2018-08-15 02:31:50 Error: [InvalidArgumentException] The plugin class `Acl\Plugin` cannot be found. Ensure your autoloader is correct. in /var/www/html/src/cakephp/vendor/cakephp/cakephp/src/Http/BaseApplication.php on line 127
Stack Trace:
#0 /var/www/html/src/cakephp/vendor/cakephp/cakephp/src/Http/BaseApplication.php(95): Cake\Http\BaseApplication->makePlugin('Acl\\Plugin', Array)
#1 /var/www/html/src/cakephp/src/Application.php(38): Cake\Http\BaseApplication->addPlugin('Acl', Array)
#2 /var/www/html/src/cakephp/vendor/cakephp/cakephp/src/Console/CommandRunner.php(191): App\Application->bootstrap()
#3 /var/www/html/src/cakephp/vendor/cakephp/cakephp/src/Console/CommandRunner.php(136): Cake\Console\CommandRunner->bootstrap()
#4 /var/www/html/src/cakephp/bin/cake.php(12): Cake\Console\CommandRunner->run(Array)
#5 {main}


2018-08-15 02:58:18 Error: [Symfony\Component\Console\Exception\CommandNotFoundException] Command "migration" is not defined.

Did you mean this?
    migrate in /var/www/html/src/cakephp/vendor/symfony/console/Application.php on line 618
Stack Trace:
#0 /var/www/html/src/cakephp/vendor/symfony/console/Application.php(229): Symfony\Component\Console\Application->find('migration')
#1 /var/www/html/src/cakephp/vendor/symfony/console/Application.php(148): Symfony\Component\Console\Application->doRun(Object(Symfony\Component\Console\Input\ArgvInput), Object(Symfony\Component\Console\Output\ConsoleOutput))
#2 /var/www/html/src/cakephp/vendor/cakephp/migrations/src/Shell/MigrationsShell.php(108): Symfony\Component\Console\Application->run(Object(Symfony\Component\Console\Input\ArgvInput), Object(Symfony\Component\Console\Output\ConsoleOutput))
#3 /var/www/html/src/cakephp/vendor/cakephp/cakephp/src/Console/Shell.php(532): Migrations\Shell\MigrationsShell->main('migrations', 'migration')
#4 /var/www/html/src/cakephp/vendor/cakephp/migrations/src/Shell/MigrationsShell.php(164): Cake\Console\Shell->runCommand(Array, true, Array)
#5 /var/www/html/src/cakephp/vendor/cakephp/cakephp/src/Console/CommandRunner.php(342): Migrations\Shell\MigrationsShell->runCommand(Array, true)
#6 /var/www/html/src/cakephp/vendor/cakephp/cakephp/src/Console/CommandRunner.php(164): Cake\Console\CommandRunner->runShell(Object(Migrations\Shell\MigrationsShell), Array)
#7 /var/www/html/src/cakephp/bin/cake.php(12): Cake\Console\CommandRunner->run(Array)
#8 {main}


2018-08-15 05:49:24 Error: [PDOException] SQLSTATE[HY000]: General error: 1364 Field 'name' doesn't have a default value in /var/www/html/src/cakephp/vendor/robmorgan/phinx/src/Phinx/Db/Adapter/PdoAdapter.php on line 392
Stack Trace:
#0 /var/www/html/src/cakephp/vendor/robmorgan/phinx/src/Phinx/Db/Adapter/PdoAdapter.php(392): PDOStatement->execute(Array)
#1 /var/www/html/src/cakephp/vendor/cakephp/migrations/src/CakeAdapter.php(400): Phinx\Db\Adapter\PdoAdapter->insert(Object(Phinx\Db\Table), Array)
#2 /var/www/html/src/cakephp/vendor/robmorgan/phinx/src/Phinx/Db/Table.php(651): Migrations\CakeAdapter->insert(Object(Phinx\Db\Table), Array)
#3 /var/www/html/src/cakephp/vendor/robmorgan/phinx/src/Phinx/Db/Table.php(639): Phinx\Db\Table->saveData()
#4 /var/www/html/src/cakephp/vendor/robmorgan/phinx/src/Phinx/Db/Table.php(675): Phinx\Db\Table->update()
#5 /var/www/html/src/cakephp/config/Seeds/UsersSeed.php(25): Phinx\Db\Table->save()
#6 /var/www/html/src/cakephp/vendor/robmorgan/phinx/src/Phinx/Migration/Manager/Environment.php(154): UsersSeed->run()
#7 /var/www/html/src/cakephp/vendor/robmorgan/phinx/src/Phinx/Migration/Manager.php(395): Phinx\Migration\Manager\Environment->executeSeed(Object(UsersSeed))
#8 /var/www/html/src/cakephp/vendor/robmorgan/phinx/src/Phinx/Migration/Manager.php(514): Phinx\Migration\Manager->executeSeed('default', Object(UsersSeed))
#9 /var/www/html/src/cakephp/vendor/robmorgan/phinx/src/Phinx/Console/Command/SeedRun.php(110): Phinx\Migration\Manager->seed('default')
#10 /var/www/html/src/cakephp/vendor/cakephp/migrations/src/Command/CommandTrait.php(35): Phinx\Console\Command\SeedRun->execute(Object(Symfony\Component\Console\Input\ArgvInput), Object(Symfony\Component\Console\Output\ConsoleOutput))
#11 /var/www/html/src/cakephp/vendor/cakephp/migrations/src/Command/Seed.php(72): Migrations\Command\Seed->parentExecute(Object(Symfony\Component\Console\Input\ArgvInput), Object(Symfony\Component\Console\Output\ConsoleOutput))
#12 /var/www/html/src/cakephp/vendor/symfony/console/Command/Command.php(251): Migrations\Command\Seed->execute(Object(Symfony\Component\Console\Input\ArgvInput), Object(Symfony\Component\Console\Output\ConsoleOutput))
#13 /var/www/html/src/cakephp/vendor/symfony/console/Application.php(946): Symfony\Component\Console\Command\Command->run(Object(Symfony\Component\Console\Input\ArgvInput), Object(Symfony\Component\Console\Output\ConsoleOutput))
#14 /var/www/html/src/cakephp/vendor/symfony/console/Application.php(248): Symfony\Component\Console\Application->doRunCommand(Object(Migrations\Command\Seed), Object(Symfony\Component\Console\Input\ArgvInput), Object(Symfony\Component\Console\Output\ConsoleOutput))
#15 /var/www/html/src/cakephp/vendor/symfony/console/Application.php(148): Symfony\Component\Console\Application->doRun(Object(Symfony\Component\Console\Input\ArgvInput), Object(Symfony\Component\Console\Output\ConsoleOutput))
#16 /var/www/html/src/cakephp/vendor/cakephp/migrations/src/Shell/MigrationsShell.php(108): Symfony\Component\Console\Application->run(Object(Symfony\Component\Console\Input\ArgvInput), Object(Symfony\Component\Console\Output\ConsoleOutput))
#17 /var/www/html/src/cakephp/vendor/cakephp/cakephp/src/Console/Shell.php(532): Migrations\Shell\MigrationsShell->main('migrations', 'seed')
#18 /var/www/html/src/cakephp/vendor/cakephp/migrations/src/Shell/MigrationsShell.php(164): Cake\Console\Shell->runCommand(Array, true, Array)
#19 /var/www/html/src/cakephp/vendor/cakephp/cakephp/src/Console/CommandRunner.php(342): Migrations\Shell\MigrationsShell->runCommand(Array, true)
#20 /var/www/html/src/cakephp/vendor/cakephp/cakephp/src/Console/CommandRunner.php(164): Cake\Console\CommandRunner->runShell(Object(Migrations\Shell\MigrationsShell), Array)
#21 /var/www/html/src/cakephp/bin/cake.php(12): Cake\Console\CommandRunner->run(Array)
#22 {main}


2018-08-15 05:49:24 Warning: The connection is going to be closed but there is an active transaction.
2018-08-15 05:49:24 Warning: Warning (2): fwrite(): supplied resource is not a valid stream resource in [/var/www/html/src/cakephp/vendor/cakephp/cakephp/src/Console/ConsoleOutput.php, line 253]
Trace:
Cake\Error\BaseErrorHandler::handleError() - CORE/src/Error/BaseErrorHandler.php, line 159
fwrite - [internal], line ??
Cake\Console\ConsoleOutput::_write() - CORE/src/Console/ConsoleOutput.php, line 253
Cake\Console\ConsoleOutput::write() - CORE/src/Console/ConsoleOutput.php, line 188
Cake\Log\Engine\ConsoleLog::log() - CORE/src/Log/Engine/ConsoleLog.php, line 94
Cake\Log\Log::write() - CORE/src/Log/Log.php, line 384
Cake\Log\Log::warning() - CORE/src/Log/Log.php, line 469
Cake\Database\Connection::__destruct() - CORE/src/Database/Connection.php, line 135
[main] - [internal], line ??



2018-08-15 09:03:34 Error: [RuntimeException] Unknown command `cake truncate_table_before_seed`. Run `cake --help` to get the list of valid commands. in /var/www/html/src/cakephp/vendor/cakephp/cakephp/src/Console/CommandRunner.php on line 321
Stack Trace:
#0 /var/www/html/src/cakephp/vendor/cakephp/cakephp/src/Console/CommandRunner.php(159): Cake\Console\CommandRunner->resolveName(Object(Cake\Console\CommandCollection), Object(Cake\Console\ConsoleIo), 'truncate_table_...')
#1 /var/www/html/src/cakephp/bin/cake.php(12): Cake\Console\CommandRunner->run(Array)
#2 {main}


2018-08-15 09:03:36 Error: [PDOException] SQLSTATE[HY000]: General error: 1364 Field 'name' doesn't have a default value in /var/www/html/src/cakephp/vendor/robmorgan/phinx/src/Phinx/Db/Adapter/PdoAdapter.php on line 392
Stack Trace:
#0 /var/www/html/src/cakephp/vendor/robmorgan/phinx/src/Phinx/Db/Adapter/PdoAdapter.php(392): PDOStatement->execute(Array)
#1 /var/www/html/src/cakephp/vendor/cakephp/migrations/src/CakeAdapter.php(400): Phinx\Db\Adapter\PdoAdapter->insert(Object(Phinx\Db\Table), Array)
#2 /var/www/html/src/cakephp/vendor/robmorgan/phinx/src/Phinx/Db/Table.php(651): Migrations\CakeAdapter->insert(Object(Phinx\Db\Table), Array)
#3 /var/www/html/src/cakephp/vendor/robmorgan/phinx/src/Phinx/Db/Table.php(639): Phinx\Db\Table->saveData()
#4 /var/www/html/src/cakephp/vendor/robmorgan/phinx/src/Phinx/Db/Table.php(675): Phinx\Db\Table->update()
#5 /var/www/html/src/cakephp/config/Seeds/UsersSeed.php(25): Phinx\Db\Table->save()
#6 /var/www/html/src/cakephp/vendor/robmorgan/phinx/src/Phinx/Migration/Manager/Environment.php(154): UsersSeed->run()
#7 /var/www/html/src/cakephp/vendor/robmorgan/phinx/src/Phinx/Migration/Manager.php(395): Phinx\Migration\Manager\Environment->executeSeed(Object(UsersSeed))
#8 /var/www/html/src/cakephp/vendor/robmorgan/phinx/src/Phinx/Migration/Manager.php(514): Phinx\Migration\Manager->executeSeed('default', Object(UsersSeed))
#9 /var/www/html/src/cakephp/vendor/robmorgan/phinx/src/Phinx/Console/Command/SeedRun.php(110): Phinx\Migration\Manager->seed('default')
#10 /var/www/html/src/cakephp/vendor/cakephp/migrations/src/Command/CommandTrait.php(35): Phinx\Console\Command\SeedRun->execute(Object(Symfony\Component\Console\Input\ArgvInput), Object(Symfony\Component\Console\Output\ConsoleOutput))
#11 /var/www/html/src/cakephp/vendor/cakephp/migrations/src/Command/Seed.php(72): Migrations\Command\Seed->parentExecute(Object(Symfony\Component\Console\Input\ArgvInput), Object(Symfony\Component\Console\Output\ConsoleOutput))
#12 /var/www/html/src/cakephp/vendor/symfony/console/Command/Command.php(251): Migrations\Command\Seed->execute(Object(Symfony\Component\Console\Input\ArgvInput), Object(Symfony\Component\Console\Output\ConsoleOutput))
#13 /var/www/html/src/cakephp/vendor/symfony/console/Application.php(946): Symfony\Component\Console\Command\Command->run(Object(Symfony\Component\Console\Input\ArgvInput), Object(Symfony\Component\Console\Output\ConsoleOutput))
#14 /var/www/html/src/cakephp/vendor/symfony/console/Application.php(248): Symfony\Component\Console\Application->doRunCommand(Object(Migrations\Command\Seed), Object(Symfony\Component\Console\Input\ArgvInput), Object(Symfony\Component\Console\Output\ConsoleOutput))
#15 /var/www/html/src/cakephp/vendor/symfony/console/Application.php(148): Symfony\Component\Console\Application->doRun(Object(Symfony\Component\Console\Input\ArgvInput), Object(Symfony\Component\Console\Output\ConsoleOutput))
#16 /var/www/html/src/cakephp/vendor/cakephp/migrations/src/Shell/MigrationsShell.php(108): Symfony\Component\Console\Application->run(Object(Symfony\Component\Console\Input\ArgvInput), Object(Symfony\Component\Console\Output\ConsoleOutput))
#17 /var/www/html/src/cakephp/vendor/cakephp/cakephp/src/Console/Shell.php(532): Migrations\Shell\MigrationsShell->main('migrations', 'seed')
#18 /var/www/html/src/cakephp/vendor/cakephp/migrations/src/Shell/MigrationsShell.php(164): Cake\Console\Shell->runCommand(Array, true, Array)
#19 /var/www/html/src/cakephp/vendor/cakephp/cakephp/src/Console/CommandRunner.php(342): Migrations\Shell\MigrationsShell->runCommand(Array, true)
#20 /var/www/html/src/cakephp/vendor/cakephp/cakephp/src/Console/CommandRunner.php(164): Cake\Console\CommandRunner->runShell(Object(Migrations\Shell\MigrationsShell), Array)
#21 /var/www/html/src/cakephp/bin/cake.php(12): Cake\Console\CommandRunner->run(Array)
#22 {main}


2018-08-15 09:03:36 Warning: The connection is going to be closed but there is an active transaction.
2018-08-15 09:03:36 Warning: Warning (2): fwrite(): supplied resource is not a valid stream resource in [/var/www/html/src/cakephp/vendor/cakephp/cakephp/src/Console/ConsoleOutput.php, line 253]
Trace:
Cake\Error\BaseErrorHandler::handleError() - CORE/src/Error/BaseErrorHandler.php, line 159
fwrite - [internal], line ??
Cake\Console\ConsoleOutput::_write() - CORE/src/Console/ConsoleOutput.php, line 253
Cake\Console\ConsoleOutput::write() - CORE/src/Console/ConsoleOutput.php, line 188
Cake\Log\Engine\ConsoleLog::log() - CORE/src/Log/Engine/ConsoleLog.php, line 94
Cake\Log\Log::write() - CORE/src/Log/Log.php, line 384
Cake\Log\Log::warning() - CORE/src/Log/Log.php, line 469
Cake\Database\Connection::__destruct() - CORE/src/Database/Connection.php, line 135
[main] - [internal], line ??



2018-08-15 09:07:44 Error: [PDOException] SQLSTATE[HY000]: General error: 1364 Field 'name' doesn't have a default value in /var/www/html/src/cakephp/vendor/robmorgan/phinx/src/Phinx/Db/Adapter/PdoAdapter.php on line 392
Stack Trace:
#0 /var/www/html/src/cakephp/vendor/robmorgan/phinx/src/Phinx/Db/Adapter/PdoAdapter.php(392): PDOStatement->execute(Array)
#1 /var/www/html/src/cakephp/vendor/cakephp/migrations/src/CakeAdapter.php(400): Phinx\Db\Adapter\PdoAdapter->insert(Object(Phinx\Db\Table), Array)
#2 /var/www/html/src/cakephp/vendor/robmorgan/phinx/src/Phinx/Db/Table.php(651): Migrations\CakeAdapter->insert(Object(Phinx\Db\Table), Array)
#3 /var/www/html/src/cakephp/vendor/robmorgan/phinx/src/Phinx/Db/Table.php(639): Phinx\Db\Table->saveData()
#4 /var/www/html/src/cakephp/vendor/robmorgan/phinx/src/Phinx/Db/Table.php(675): Phinx\Db\Table->update()
#5 /var/www/html/src/cakephp/config/Seeds/UsersSeed.php(25): Phinx\Db\Table->save()
#6 /var/www/html/src/cakephp/vendor/robmorgan/phinx/src/Phinx/Migration/Manager/Environment.php(154): UsersSeed->run()
#7 /var/www/html/src/cakephp/vendor/robmorgan/phinx/src/Phinx/Migration/Manager.php(395): Phinx\Migration\Manager\Environment->executeSeed(Object(UsersSeed))
#8 /var/www/html/src/cakephp/vendor/robmorgan/phinx/src/Phinx/Migration/Manager.php(514): Phinx\Migration\Manager->executeSeed('default', Object(UsersSeed))
#9 /var/www/html/src/cakephp/vendor/robmorgan/phinx/src/Phinx/Console/Command/SeedRun.php(110): Phinx\Migration\Manager->seed('default')
#10 /var/www/html/src/cakephp/vendor/cakephp/migrations/src/Command/CommandTrait.php(35): Phinx\Console\Command\SeedRun->execute(Object(Symfony\Component\Console\Input\ArgvInput), Object(Symfony\Component\Console\Output\ConsoleOutput))
#11 /var/www/html/src/cakephp/vendor/cakephp/migrations/src/Command/Seed.php(72): Migrations\Command\Seed->parentExecute(Object(Symfony\Component\Console\Input\ArgvInput), Object(Symfony\Component\Console\Output\ConsoleOutput))
#12 /var/www/html/src/cakephp/vendor/symfony/console/Command/Command.php(251): Migrations\Command\Seed->execute(Object(Symfony\Component\Console\Input\ArgvInput), Object(Symfony\Component\Console\Output\ConsoleOutput))
#13 /var/www/html/src/cakephp/vendor/symfony/console/Application.php(946): Symfony\Component\Console\Command\Command->run(Object(Symfony\Component\Console\Input\ArgvInput), Object(Symfony\Component\Console\Output\ConsoleOutput))
#14 /var/www/html/src/cakephp/vendor/symfony/console/Application.php(248): Symfony\Component\Console\Application->doRunCommand(Object(Migrations\Command\Seed), Object(Symfony\Component\Console\Input\ArgvInput), Object(Symfony\Component\Console\Output\ConsoleOutput))
#15 /var/www/html/src/cakephp/vendor/symfony/console/Application.php(148): Symfony\Component\Console\Application->doRun(Object(Symfony\Component\Console\Input\ArgvInput), Object(Symfony\Component\Console\Output\ConsoleOutput))
#16 /var/www/html/src/cakephp/vendor/cakephp/migrations/src/Shell/MigrationsShell.php(108): Symfony\Component\Console\Application->run(Object(Symfony\Component\Console\Input\ArgvInput), Object(Symfony\Component\Console\Output\ConsoleOutput))
#17 /var/www/html/src/cakephp/vendor/cakephp/cakephp/src/Console/Shell.php(532): Migrations\Shell\MigrationsShell->main('migrations', 'seed')
#18 /var/www/html/src/cakephp/vendor/cakephp/migrations/src/Shell/MigrationsShell.php(164): Cake\Console\Shell->runCommand(Array, true, Array)
#19 /var/www/html/src/cakephp/vendor/cakephp/cakephp/src/Console/CommandRunner.php(342): Migrations\Shell\MigrationsShell->runCommand(Array, true)
#20 /var/www/html/src/cakephp/vendor/cakephp/cakephp/src/Console/CommandRunner.php(164): Cake\Console\CommandRunner->runShell(Object(Migrations\Shell\MigrationsShell), Array)
#21 /var/www/html/src/cakephp/bin/cake.php(12): Cake\Console\CommandRunner->run(Array)
#22 {main}


2018-08-15 09:07:44 Warning: The connection is going to be closed but there is an active transaction.
2018-08-15 09:07:44 Warning: Warning (2): fwrite(): supplied resource is not a valid stream resource in [/var/www/html/src/cakephp/vendor/cakephp/cakephp/src/Console/ConsoleOutput.php, line 253]
Trace:
Cake\Error\BaseErrorHandler::handleError() - CORE/src/Error/BaseErrorHandler.php, line 159
fwrite - [internal], line ??
Cake\Console\ConsoleOutput::_write() - CORE/src/Console/ConsoleOutput.php, line 253
Cake\Console\ConsoleOutput::write() - CORE/src/Console/ConsoleOutput.php, line 188
Cake\Log\Engine\ConsoleLog::log() - CORE/src/Log/Engine/ConsoleLog.php, line 94
Cake\Log\Log::write() - CORE/src/Log/Log.php, line 384
Cake\Log\Log::warning() - CORE/src/Log/Log.php, line 469
Cake\Database\Connection::__destruct() - CORE/src/Database/Connection.php, line 135
[main] - [internal], line ??



2018-08-15 09:09:30 Error: [RuntimeException] Unknown command `cake update_acl`. Run `cake --help` to get the list of valid commands. in /var/www/html/src/cakephp/vendor/cakephp/cakephp/src/Console/CommandRunner.php on line 321
Stack Trace:
#0 /var/www/html/src/cakephp/vendor/cakephp/cakephp/src/Console/CommandRunner.php(159): Cake\Console\CommandRunner->resolveName(Object(Cake\Console\CommandCollection), Object(Cake\Console\ConsoleIo), 'update_acl')
#1 /var/www/html/src/cakephp/bin/cake.php(12): Cake\Console\CommandRunner->run(Array)
#2 {main}


2018-08-15 09:17:55 Error: [PDOException] SQLSTATE[HY000]: General error: 1364 Field 'name' doesn't have a default value in /var/www/html/src/cakephp/vendor/robmorgan/phinx/src/Phinx/Db/Adapter/PdoAdapter.php on line 392
Stack Trace:
#0 /var/www/html/src/cakephp/vendor/robmorgan/phinx/src/Phinx/Db/Adapter/PdoAdapter.php(392): PDOStatement->execute(Array)
#1 /var/www/html/src/cakephp/vendor/cakephp/migrations/src/CakeAdapter.php(400): Phinx\Db\Adapter\PdoAdapter->insert(Object(Phinx\Db\Table), Array)
#2 /var/www/html/src/cakephp/vendor/robmorgan/phinx/src/Phinx/Db/Table.php(651): Migrations\CakeAdapter->insert(Object(Phinx\Db\Table), Array)
#3 /var/www/html/src/cakephp/vendor/robmorgan/phinx/src/Phinx/Db/Table.php(639): Phinx\Db\Table->saveData()
#4 /var/www/html/src/cakephp/vendor/robmorgan/phinx/src/Phinx/Db/Table.php(675): Phinx\Db\Table->update()
#5 /var/www/html/src/cakephp/config/Seeds/UsersSeed.php(25): Phinx\Db\Table->save()
#6 /var/www/html/src/cakephp/vendor/robmorgan/phinx/src/Phinx/Migration/Manager/Environment.php(154): UsersSeed->run()
#7 /var/www/html/src/cakephp/vendor/robmorgan/phinx/src/Phinx/Migration/Manager.php(395): Phinx\Migration\Manager\Environment->executeSeed(Object(UsersSeed))
#8 /var/www/html/src/cakephp/vendor/robmorgan/phinx/src/Phinx/Migration/Manager.php(514): Phinx\Migration\Manager->executeSeed('default', Object(UsersSeed))
#9 /var/www/html/src/cakephp/vendor/robmorgan/phinx/src/Phinx/Console/Command/SeedRun.php(110): Phinx\Migration\Manager->seed('default')
#10 /var/www/html/src/cakephp/vendor/cakephp/migrations/src/Command/CommandTrait.php(35): Phinx\Console\Command\SeedRun->execute(Object(Symfony\Component\Console\Input\ArgvInput), Object(Symfony\Component\Console\Output\ConsoleOutput))
#11 /var/www/html/src/cakephp/vendor/cakephp/migrations/src/Command/Seed.php(72): Migrations\Command\Seed->parentExecute(Object(Symfony\Component\Console\Input\ArgvInput), Object(Symfony\Component\Console\Output\ConsoleOutput))
#12 /var/www/html/src/cakephp/vendor/symfony/console/Command/Command.php(251): Migrations\Command\Seed->execute(Object(Symfony\Component\Console\Input\ArgvInput), Object(Symfony\Component\Console\Output\ConsoleOutput))
#13 /var/www/html/src/cakephp/vendor/symfony/console/Application.php(946): Symfony\Component\Console\Command\Command->run(Object(Symfony\Component\Console\Input\ArgvInput), Object(Symfony\Component\Console\Output\ConsoleOutput))
#14 /var/www/html/src/cakephp/vendor/symfony/console/Application.php(248): Symfony\Component\Console\Application->doRunCommand(Object(Migrations\Command\Seed), Object(Symfony\Component\Console\Input\ArgvInput), Object(Symfony\Component\Console\Output\ConsoleOutput))
#15 /var/www/html/src/cakephp/vendor/symfony/console/Application.php(148): Symfony\Component\Console\Application->doRun(Object(Symfony\Component\Console\Input\ArgvInput), Object(Symfony\Component\Console\Output\ConsoleOutput))
#16 /var/www/html/src/cakephp/vendor/cakephp/migrations/src/Shell/MigrationsShell.php(108): Symfony\Component\Console\Application->run(Object(Symfony\Component\Console\Input\ArgvInput), Object(Symfony\Component\Console\Output\ConsoleOutput))
#17 /var/www/html/src/cakephp/vendor/cakephp/cakephp/src/Console/Shell.php(532): Migrations\Shell\MigrationsShell->main('migrations', 'seed')
#18 /var/www/html/src/cakephp/vendor/cakephp/migrations/src/Shell/MigrationsShell.php(164): Cake\Console\Shell->runCommand(Array, true, Array)
#19 /var/www/html/src/cakephp/vendor/cakephp/cakephp/src/Console/CommandRunner.php(342): Migrations\Shell\MigrationsShell->runCommand(Array, true)
#20 /var/www/html/src/cakephp/vendor/cakephp/cakephp/src/Console/CommandRunner.php(164): Cake\Console\CommandRunner->runShell(Object(Migrations\Shell\MigrationsShell), Array)
#21 /var/www/html/src/cakephp/bin/cake.php(12): Cake\Console\CommandRunner->run(Array)
#22 {main}


2018-08-15 09:17:55 Warning: The connection is going to be closed but there is an active transaction.
2018-08-15 09:17:55 Warning: Warning (2): fwrite(): supplied resource is not a valid stream resource in [/var/www/html/src/cakephp/vendor/cakephp/cakephp/src/Console/ConsoleOutput.php, line 253]
Trace:
Cake\Error\BaseErrorHandler::handleError() - CORE/src/Error/BaseErrorHandler.php, line 159
fwrite - [internal], line ??
Cake\Console\ConsoleOutput::_write() - CORE/src/Console/ConsoleOutput.php, line 253
Cake\Console\ConsoleOutput::write() - CORE/src/Console/ConsoleOutput.php, line 188
Cake\Log\Engine\ConsoleLog::log() - CORE/src/Log/Engine/ConsoleLog.php, line 94
Cake\Log\Log::write() - CORE/src/Log/Log.php, line 384
Cake\Log\Log::warning() - CORE/src/Log/Log.php, line 469
Cake\Database\Connection::__destruct() - CORE/src/Database/Connection.php, line 135
[main] - [internal], line ??



2018-08-15 09:53:17 Error: [PDOException] SQLSTATE[42S22]: Column not found: 1054 Unknown column 'username' in 'field list' in /var/www/html/src/cakephp/vendor/robmorgan/phinx/src/Phinx/Db/Adapter/PdoAdapter.php on line 392
Stack Trace:
#0 /var/www/html/src/cakephp/vendor/robmorgan/phinx/src/Phinx/Db/Adapter/PdoAdapter.php(392): PDOStatement->execute(Array)
#1 /var/www/html/src/cakephp/vendor/cakephp/migrations/src/CakeAdapter.php(400): Phinx\Db\Adapter\PdoAdapter->insert(Object(Phinx\Db\Table), Array)
#2 /var/www/html/src/cakephp/vendor/robmorgan/phinx/src/Phinx/Db/Table.php(651): Migrations\CakeAdapter->insert(Object(Phinx\Db\Table), Array)
#3 /var/www/html/src/cakephp/vendor/robmorgan/phinx/src/Phinx/Db/Table.php(639): Phinx\Db\Table->saveData()
#4 /var/www/html/src/cakephp/vendor/robmorgan/phinx/src/Phinx/Db/Table.php(675): Phinx\Db\Table->update()
#5 /var/www/html/src/cakephp/config/Seeds/UsersSeed.php(44): Phinx\Db\Table->save()
#6 /var/www/html/src/cakephp/vendor/robmorgan/phinx/src/Phinx/Migration/Manager/Environment.php(154): UsersSeed->run()
#7 /var/www/html/src/cakephp/vendor/robmorgan/phinx/src/Phinx/Migration/Manager.php(395): Phinx\Migration\Manager\Environment->executeSeed(Object(UsersSeed))
#8 /var/www/html/src/cakephp/vendor/robmorgan/phinx/src/Phinx/Migration/Manager.php(514): Phinx\Migration\Manager->executeSeed('default', Object(UsersSeed))
#9 /var/www/html/src/cakephp/vendor/robmorgan/phinx/src/Phinx/Console/Command/SeedRun.php(110): Phinx\Migration\Manager->seed('default')
#10 /var/www/html/src/cakephp/vendor/cakephp/migrations/src/Command/CommandTrait.php(35): Phinx\Console\Command\SeedRun->execute(Object(Symfony\Component\Console\Input\ArgvInput), Object(Symfony\Component\Console\Output\ConsoleOutput))
#11 /var/www/html/src/cakephp/vendor/cakephp/migrations/src/Command/Seed.php(72): Migrations\Command\Seed->parentExecute(Object(Symfony\Component\Console\Input\ArgvInput), Object(Symfony\Component\Console\Output\ConsoleOutput))
#12 /var/www/html/src/cakephp/vendor/symfony/console/Command/Command.php(251): Migrations\Command\Seed->execute(Object(Symfony\Component\Console\Input\ArgvInput), Object(Symfony\Component\Console\Output\ConsoleOutput))
#13 /var/www/html/src/cakephp/vendor/symfony/console/Application.php(946): Symfony\Component\Console\Command\Command->run(Object(Symfony\Component\Console\Input\ArgvInput), Object(Symfony\Component\Console\Output\ConsoleOutput))
#14 /var/www/html/src/cakephp/vendor/symfony/console/Application.php(248): Symfony\Component\Console\Application->doRunCommand(Object(Migrations\Command\Seed), Object(Symfony\Component\Console\Input\ArgvInput), Object(Symfony\Component\Console\Output\ConsoleOutput))
#15 /var/www/html/src/cakephp/vendor/symfony/console/Application.php(148): Symfony\Component\Console\Application->doRun(Object(Symfony\Component\Console\Input\ArgvInput), Object(Symfony\Component\Console\Output\ConsoleOutput))
#16 /var/www/html/src/cakephp/vendor/cakephp/migrations/src/Shell/MigrationsShell.php(108): Symfony\Component\Console\Application->run(Object(Symfony\Component\Console\Input\ArgvInput), Object(Symfony\Component\Console\Output\ConsoleOutput))
#17 /var/www/html/src/cakephp/vendor/cakephp/cakephp/src/Console/Shell.php(532): Migrations\Shell\MigrationsShell->main('migrations', 'seed')
#18 /var/www/html/src/cakephp/vendor/cakephp/migrations/src/Shell/MigrationsShell.php(164): Cake\Console\Shell->runCommand(Array, true, Array)
#19 /var/www/html/src/cakephp/vendor/cakephp/cakephp/src/Console/CommandRunner.php(342): Migrations\Shell\MigrationsShell->runCommand(Array, true)
#20 /var/www/html/src/cakephp/vendor/cakephp/cakephp/src/Console/CommandRunner.php(164): Cake\Console\CommandRunner->runShell(Object(Migrations\Shell\MigrationsShell), Array)
#21 /var/www/html/src/cakephp/bin/cake.php(12): Cake\Console\CommandRunner->run(Array)
#22 {main}


2018-08-15 09:53:17 Warning: The connection is going to be closed but there is an active transaction.
2018-08-15 09:53:17 Warning: Warning (2): fwrite(): supplied resource is not a valid stream resource in [/var/www/html/src/cakephp/vendor/cakephp/cakephp/src/Console/ConsoleOutput.php, line 253]
Trace:
Cake\Error\BaseErrorHandler::handleError() - CORE/src/Error/BaseErrorHandler.php, line 159
fwrite - [internal], line ??
Cake\Console\ConsoleOutput::_write() - CORE/src/Console/ConsoleOutput.php, line 253
Cake\Console\ConsoleOutput::write() - CORE/src/Console/ConsoleOutput.php, line 188
Cake\Log\Engine\ConsoleLog::log() - CORE/src/Log/Engine/ConsoleLog.php, line 94
Cake\Log\Log::write() - CORE/src/Log/Log.php, line 384
Cake\Log\Log::warning() - CORE/src/Log/Log.php, line 469
Cake\Database\Connection::__destruct() - CORE/src/Database/Connection.php, line 135
[main] - [internal], line ??



2018-08-15 09:58:13 Error: [PDOException] SQLSTATE[42S22]: Column not found: 1054 Unknown column 'username' in 'field list' in /var/www/html/src/cakephp/vendor/robmorgan/phinx/src/Phinx/Db/Adapter/PdoAdapter.php on line 392
Stack Trace:
#0 /var/www/html/src/cakephp/vendor/robmorgan/phinx/src/Phinx/Db/Adapter/PdoAdapter.php(392): PDOStatement->execute(Array)
#1 /var/www/html/src/cakephp/vendor/cakephp/migrations/src/CakeAdapter.php(400): Phinx\Db\Adapter\PdoAdapter->insert(Object(Phinx\Db\Table), Array)
#2 /var/www/html/src/cakephp/vendor/robmorgan/phinx/src/Phinx/Db/Table.php(651): Migrations\CakeAdapter->insert(Object(Phinx\Db\Table), Array)
#3 /var/www/html/src/cakephp/vendor/robmorgan/phinx/src/Phinx/Db/Table.php(639): Phinx\Db\Table->saveData()
#4 /var/www/html/src/cakephp/vendor/robmorgan/phinx/src/Phinx/Db/Table.php(675): Phinx\Db\Table->update()
#5 /var/www/html/src/cakephp/config/Seeds/UsersSeed.php(44): Phinx\Db\Table->save()
#6 /var/www/html/src/cakephp/vendor/robmorgan/phinx/src/Phinx/Migration/Manager/Environment.php(154): UsersSeed->run()
#7 /var/www/html/src/cakephp/vendor/robmorgan/phinx/src/Phinx/Migration/Manager.php(395): Phinx\Migration\Manager\Environment->executeSeed(Object(UsersSeed))
#8 /var/www/html/src/cakephp/vendor/robmorgan/phinx/src/Phinx/Migration/Manager.php(514): Phinx\Migration\Manager->executeSeed('default', Object(UsersSeed))
#9 /var/www/html/src/cakephp/vendor/robmorgan/phinx/src/Phinx/Console/Command/SeedRun.php(110): Phinx\Migration\Manager->seed('default')
#10 /var/www/html/src/cakephp/vendor/cakephp/migrations/src/Command/CommandTrait.php(35): Phinx\Console\Command\SeedRun->execute(Object(Symfony\Component\Console\Input\ArgvInput), Object(Symfony\Component\Console\Output\ConsoleOutput))
#11 /var/www/html/src/cakephp/vendor/cakephp/migrations/src/Command/Seed.php(72): Migrations\Command\Seed->parentExecute(Object(Symfony\Component\Console\Input\ArgvInput), Object(Symfony\Component\Console\Output\ConsoleOutput))
#12 /var/www/html/src/cakephp/vendor/symfony/console/Command/Command.php(251): Migrations\Command\Seed->execute(Object(Symfony\Component\Console\Input\ArgvInput), Object(Symfony\Component\Console\Output\ConsoleOutput))
#13 /var/www/html/src/cakephp/vendor/symfony/console/Application.php(946): Symfony\Component\Console\Command\Command->run(Object(Symfony\Component\Console\Input\ArgvInput), Object(Symfony\Component\Console\Output\ConsoleOutput))
#14 /var/www/html/src/cakephp/vendor/symfony/console/Application.php(248): Symfony\Component\Console\Application->doRunCommand(Object(Migrations\Command\Seed), Object(Symfony\Component\Console\Input\ArgvInput), Object(Symfony\Component\Console\Output\ConsoleOutput))
#15 /var/www/html/src/cakephp/vendor/symfony/console/Application.php(148): Symfony\Component\Console\Application->doRun(Object(Symfony\Component\Console\Input\ArgvInput), Object(Symfony\Component\Console\Output\ConsoleOutput))
#16 /var/www/html/src/cakephp/vendor/cakephp/migrations/src/Shell/MigrationsShell.php(108): Symfony\Component\Console\Application->run(Object(Symfony\Component\Console\Input\ArgvInput), Object(Symfony\Component\Console\Output\ConsoleOutput))
#17 /var/www/html/src/cakephp/vendor/cakephp/cakephp/src/Console/Shell.php(532): Migrations\Shell\MigrationsShell->main('migrations', 'seed')
#18 /var/www/html/src/cakephp/vendor/cakephp/migrations/src/Shell/MigrationsShell.php(164): Cake\Console\Shell->runCommand(Array, true, Array)
#19 /var/www/html/src/cakephp/vendor/cakephp/cakephp/src/Console/CommandRunner.php(342): Migrations\Shell\MigrationsShell->runCommand(Array, true)
#20 /var/www/html/src/cakephp/vendor/cakephp/cakephp/src/Console/CommandRunner.php(164): Cake\Console\CommandRunner->runShell(Object(Migrations\Shell\MigrationsShell), Array)
#21 /var/www/html/src/cakephp/bin/cake.php(12): Cake\Console\CommandRunner->run(Array)
#22 {main}


2018-08-15 09:58:13 Warning: The connection is going to be closed but there is an active transaction.
2018-08-15 09:58:13 Warning: Warning (2): fwrite(): supplied resource is not a valid stream resource in [/var/www/html/src/cakephp/vendor/cakephp/cakephp/src/Console/ConsoleOutput.php, line 253]
Trace:
Cake\Error\BaseErrorHandler::handleError() - CORE/src/Error/BaseErrorHandler.php, line 159
fwrite - [internal], line ??
Cake\Console\ConsoleOutput::_write() - CORE/src/Console/ConsoleOutput.php, line 253
Cake\Console\ConsoleOutput::write() - CORE/src/Console/ConsoleOutput.php, line 188
Cake\Log\Engine\ConsoleLog::log() - CORE/src/Log/Engine/ConsoleLog.php, line 94
Cake\Log\Log::write() - CORE/src/Log/Log.php, line 384
Cake\Log\Log::warning() - CORE/src/Log/Log.php, line 469
Cake\Database\Connection::__destruct() - CORE/src/Database/Connection.php, line 135
[main] - [internal], line ??



2018-08-15 10:01:55 Error: [PDOException] SQLSTATE[42S22]: Column not found: 1054 Unknown column 'username' in 'field list' in /var/www/html/src/cakephp/vendor/robmorgan/phinx/src/Phinx/Db/Adapter/PdoAdapter.php on line 392
Stack Trace:
#0 /var/www/html/src/cakephp/vendor/robmorgan/phinx/src/Phinx/Db/Adapter/PdoAdapter.php(392): PDOStatement->execute(Array)
#1 /var/www/html/src/cakephp/vendor/cakephp/migrations/src/CakeAdapter.php(400): Phinx\Db\Adapter\PdoAdapter->insert(Object(Phinx\Db\Table), Array)
#2 /var/www/html/src/cakephp/vendor/robmorgan/phinx/src/Phinx/Db/Table.php(651): Migrations\CakeAdapter->insert(Object(Phinx\Db\Table), Array)
#3 /var/www/html/src/cakephp/vendor/robmorgan/phinx/src/Phinx/Db/Table.php(639): Phinx\Db\Table->saveData()
#4 /var/www/html/src/cakephp/vendor/robmorgan/phinx/src/Phinx/Db/Table.php(675): Phinx\Db\Table->update()
#5 /var/www/html/src/cakephp/config/Seeds/UsersSeed.php(44): Phinx\Db\Table->save()
#6 /var/www/html/src/cakephp/vendor/robmorgan/phinx/src/Phinx/Migration/Manager/Environment.php(154): UsersSeed->run()
#7 /var/www/html/src/cakephp/vendor/robmorgan/phinx/src/Phinx/Migration/Manager.php(395): Phinx\Migration\Manager\Environment->executeSeed(Object(UsersSeed))
#8 /var/www/html/src/cakephp/vendor/robmorgan/phinx/src/Phinx/Migration/Manager.php(514): Phinx\Migration\Manager->executeSeed('default', Object(UsersSeed))
#9 /var/www/html/src/cakephp/vendor/robmorgan/phinx/src/Phinx/Console/Command/SeedRun.php(110): Phinx\Migration\Manager->seed('default')
#10 /var/www/html/src/cakephp/vendor/cakephp/migrations/src/Command/CommandTrait.php(35): Phinx\Console\Command\SeedRun->execute(Object(Symfony\Component\Console\Input\ArgvInput), Object(Symfony\Component\Console\Output\ConsoleOutput))
#11 /var/www/html/src/cakephp/vendor/cakephp/migrations/src/Command/Seed.php(72): Migrations\Command\Seed->parentExecute(Object(Symfony\Component\Console\Input\ArgvInput), Object(Symfony\Component\Console\Output\ConsoleOutput))
#12 /var/www/html/src/cakephp/vendor/symfony/console/Command/Command.php(251): Migrations\Command\Seed->execute(Object(Symfony\Component\Console\Input\ArgvInput), Object(Symfony\Component\Console\Output\ConsoleOutput))
#13 /var/www/html/src/cakephp/vendor/symfony/console/Application.php(946): Symfony\Component\Console\Command\Command->run(Object(Symfony\Component\Console\Input\ArgvInput), Object(Symfony\Component\Console\Output\ConsoleOutput))
#14 /var/www/html/src/cakephp/vendor/symfony/console/Application.php(248): Symfony\Component\Console\Application->doRunCommand(Object(Migrations\Command\Seed), Object(Symfony\Component\Console\Input\ArgvInput), Object(Symfony\Component\Console\Output\ConsoleOutput))
#15 /var/www/html/src/cakephp/vendor/symfony/console/Application.php(148): Symfony\Component\Console\Application->doRun(Object(Symfony\Component\Console\Input\ArgvInput), Object(Symfony\Component\Console\Output\ConsoleOutput))
#16 /var/www/html/src/cakephp/vendor/cakephp/migrations/src/Shell/MigrationsShell.php(108): Symfony\Component\Console\Application->run(Object(Symfony\Component\Console\Input\ArgvInput), Object(Symfony\Component\Console\Output\ConsoleOutput))
#17 /var/www/html/src/cakephp/vendor/cakephp/cakephp/src/Console/Shell.php(532): Migrations\Shell\MigrationsShell->main('migrations', 'seed')
#18 /var/www/html/src/cakephp/vendor/cakephp/migrations/src/Shell/MigrationsShell.php(164): Cake\Console\Shell->runCommand(Array, true, Array)
#19 /var/www/html/src/cakephp/vendor/cakephp/cakephp/src/Console/CommandRunner.php(342): Migrations\Shell\MigrationsShell->runCommand(Array, true)
#20 /var/www/html/src/cakephp/vendor/cakephp/cakephp/src/Console/CommandRunner.php(164): Cake\Console\CommandRunner->runShell(Object(Migrations\Shell\MigrationsShell), Array)
#21 /var/www/html/src/cakephp/bin/cake.php(12): Cake\Console\CommandRunner->run(Array)
#22 {main}


2018-08-15 10:01:55 Warning: The connection is going to be closed but there is an active transaction.
2018-08-15 10:01:55 Warning: Warning (2): fwrite(): supplied resource is not a valid stream resource in [/var/www/html/src/cakephp/vendor/cakephp/cakephp/src/Console/ConsoleOutput.php, line 253]
Trace:
Cake\Error\BaseErrorHandler::handleError() - CORE/src/Error/BaseErrorHandler.php, line 159
fwrite - [internal], line ??
Cake\Console\ConsoleOutput::_write() - CORE/src/Console/ConsoleOutput.php, line 253
Cake\Console\ConsoleOutput::write() - CORE/src/Console/ConsoleOutput.php, line 188
Cake\Log\Engine\ConsoleLog::log() - CORE/src/Log/Engine/ConsoleLog.php, line 94
Cake\Log\Log::write() - CORE/src/Log/Log.php, line 384
Cake\Log\Log::warning() - CORE/src/Log/Log.php, line 469
Cake\Database\Connection::__destruct() - CORE/src/Database/Connection.php, line 135
[main] - [internal], line ??



2018-08-15 10:04:06 Error: [PDOException] SQLSTATE[42S22]: Column not found: 1054 Unknown column 'username' in 'field list' in /var/www/html/src/cakephp/vendor/robmorgan/phinx/src/Phinx/Db/Adapter/PdoAdapter.php on line 392
Stack Trace:
#0 /var/www/html/src/cakephp/vendor/robmorgan/phinx/src/Phinx/Db/Adapter/PdoAdapter.php(392): PDOStatement->execute(Array)
#1 /var/www/html/src/cakephp/vendor/cakephp/migrations/src/CakeAdapter.php(400): Phinx\Db\Adapter\PdoAdapter->insert(Object(Phinx\Db\Table), Array)
#2 /var/www/html/src/cakephp/vendor/robmorgan/phinx/src/Phinx/Db/Table.php(651): Migrations\CakeAdapter->insert(Object(Phinx\Db\Table), Array)
#3 /var/www/html/src/cakephp/vendor/robmorgan/phinx/src/Phinx/Db/Table.php(610): Phinx\Db\Table->saveData()
#4 /var/www/html/src/cakephp/vendor/robmorgan/phinx/src/Phinx/Db/Table.php(677): Phinx\Db\Table->create()
#5 /var/www/html/src/cakephp/config/Seeds/UsersSeed.php(44): Phinx\Db\Table->save()
#6 /var/www/html/src/cakephp/vendor/robmorgan/phinx/src/Phinx/Migration/Manager/Environment.php(154): UsersSeed->run()
#7 /var/www/html/src/cakephp/vendor/robmorgan/phinx/src/Phinx/Migration/Manager.php(395): Phinx\Migration\Manager\Environment->executeSeed(Object(UsersSeed))
#8 /var/www/html/src/cakephp/vendor/robmorgan/phinx/src/Phinx/Migration/Manager.php(514): Phinx\Migration\Manager->executeSeed('default', Object(UsersSeed))
#9 /var/www/html/src/cakephp/vendor/robmorgan/phinx/src/Phinx/Console/Command/SeedRun.php(110): Phinx\Migration\Manager->seed('default')
#10 /var/www/html/src/cakephp/vendor/cakephp/migrations/src/Command/CommandTrait.php(35): Phinx\Console\Command\SeedRun->execute(Object(Symfony\Component\Console\Input\ArgvInput), Object(Symfony\Component\Console\Output\ConsoleOutput))
#11 /var/www/html/src/cakephp/vendor/cakephp/migrations/src/Command/Seed.php(72): Migrations\Command\Seed->parentExecute(Object(Symfony\Component\Console\Input\ArgvInput), Object(Symfony\Component\Console\Output\ConsoleOutput))
#12 /var/www/html/src/cakephp/vendor/symfony/console/Command/Command.php(251): Migrations\Command\Seed->execute(Object(Symfony\Component\Console\Input\ArgvInput), Object(Symfony\Component\Console\Output\ConsoleOutput))
#13 /var/www/html/src/cakephp/vendor/symfony/console/Application.php(946): Symfony\Component\Console\Command\Command->run(Object(Symfony\Component\Console\Input\ArgvInput), Object(Symfony\Component\Console\Output\ConsoleOutput))
#14 /var/www/html/src/cakephp/vendor/symfony/console/Application.php(248): Symfony\Component\Console\Application->doRunCommand(Object(Migrations\Command\Seed), Object(Symfony\Component\Console\Input\ArgvInput), Object(Symfony\Component\Console\Output\ConsoleOutput))
#15 /var/www/html/src/cakephp/vendor/symfony/console/Application.php(148): Symfony\Component\Console\Application->doRun(Object(Symfony\Component\Console\Input\ArgvInput), Object(Symfony\Component\Console\Output\ConsoleOutput))
#16 /var/www/html/src/cakephp/vendor/cakephp/migrations/src/Shell/MigrationsShell.php(108): Symfony\Component\Console\Application->run(Object(Symfony\Component\Console\Input\ArgvInput), Object(Symfony\Component\Console\Output\ConsoleOutput))
#17 /var/www/html/src/cakephp/vendor/cakephp/cakephp/src/Console/Shell.php(532): Migrations\Shell\MigrationsShell->main('migrations', 'seed')
#18 /var/www/html/src/cakephp/vendor/cakephp/migrations/src/Shell/MigrationsShell.php(164): Cake\Console\Shell->runCommand(Array, true, Array)
#19 /var/www/html/src/cakephp/vendor/cakephp/cakephp/src/Console/CommandRunner.php(342): Migrations\Shell\MigrationsShell->runCommand(Array, true)
#20 /var/www/html/src/cakephp/vendor/cakephp/cakephp/src/Console/CommandRunner.php(164): Cake\Console\CommandRunner->runShell(Object(Migrations\Shell\MigrationsShell), Array)
#21 /var/www/html/src/cakephp/bin/cake.php(12): Cake\Console\CommandRunner->run(Array)
#22 {main}


2018-08-15 10:04:06 Warning: The connection is going to be closed but there is an active transaction.
2018-08-15 10:04:06 Warning: Warning (2): fwrite(): supplied resource is not a valid stream resource in [/var/www/html/src/cakephp/vendor/cakephp/cakephp/src/Console/ConsoleOutput.php, line 253]
Trace:
Cake\Error\BaseErrorHandler::handleError() - CORE/src/Error/BaseErrorHandler.php, line 159
fwrite - [internal], line ??
Cake\Console\ConsoleOutput::_write() - CORE/src/Console/ConsoleOutput.php, line 253
Cake\Console\ConsoleOutput::write() - CORE/src/Console/ConsoleOutput.php, line 188
Cake\Log\Engine\ConsoleLog::log() - CORE/src/Log/Engine/ConsoleLog.php, line 94
Cake\Log\Log::write() - CORE/src/Log/Log.php, line 384
Cake\Log\Log::warning() - CORE/src/Log/Log.php, line 469
Cake\Database\Connection::__destruct() - CORE/src/Database/Connection.php, line 135
[main] - [internal], line ??



2018-08-15 10:05:44 Error: [PDOException] SQLSTATE[42S22]: Column not found: 1054 Unknown column 'username' in 'field list' in /var/www/html/src/cakephp/vendor/robmorgan/phinx/src/Phinx/Db/Adapter/PdoAdapter.php on line 392
Stack Trace:
#0 /var/www/html/src/cakephp/vendor/robmorgan/phinx/src/Phinx/Db/Adapter/PdoAdapter.php(392): PDOStatement->execute(Array)
#1 /var/www/html/src/cakephp/vendor/cakephp/migrations/src/CakeAdapter.php(400): Phinx\Db\Adapter\PdoAdapter->insert(Object(Phinx\Db\Table), Array)
#2 /var/www/html/src/cakephp/vendor/robmorgan/phinx/src/Phinx/Db/Table.php(651): Migrations\CakeAdapter->insert(Object(Phinx\Db\Table), Array)
#3 /var/www/html/src/cakephp/vendor/robmorgan/phinx/src/Phinx/Db/Table.php(639): Phinx\Db\Table->saveData()
#4 /var/www/html/src/cakephp/vendor/robmorgan/phinx/src/Phinx/Db/Table.php(675): Phinx\Db\Table->update()
#5 /var/www/html/src/cakephp/config/Seeds/UsersSeed.php(44): Phinx\Db\Table->save()
#6 /var/www/html/src/cakephp/vendor/robmorgan/phinx/src/Phinx/Migration/Manager/Environment.php(154): UsersSeed->run()
#7 /var/www/html/src/cakephp/vendor/robmorgan/phinx/src/Phinx/Migration/Manager.php(395): Phinx\Migration\Manager\Environment->executeSeed(Object(UsersSeed))
#8 /var/www/html/src/cakephp/vendor/robmorgan/phinx/src/Phinx/Migration/Manager.php(514): Phinx\Migration\Manager->executeSeed('default', Object(UsersSeed))
#9 /var/www/html/src/cakephp/vendor/robmorgan/phinx/src/Phinx/Console/Command/SeedRun.php(110): Phinx\Migration\Manager->seed('default')
#10 /var/www/html/src/cakephp/vendor/cakephp/migrations/src/Command/CommandTrait.php(35): Phinx\Console\Command\SeedRun->execute(Object(Symfony\Component\Console\Input\ArgvInput), Object(Symfony\Component\Console\Output\ConsoleOutput))
#11 /var/www/html/src/cakephp/vendor/cakephp/migrations/src/Command/Seed.php(72): Migrations\Command\Seed->parentExecute(Object(Symfony\Component\Console\Input\ArgvInput), Object(Symfony\Component\Console\Output\ConsoleOutput))
#12 /var/www/html/src/cakephp/vendor/symfony/console/Command/Command.php(251): Migrations\Command\Seed->execute(Object(Symfony\Component\Console\Input\ArgvInput), Object(Symfony\Component\Console\Output\ConsoleOutput))
#13 /var/www/html/src/cakephp/vendor/symfony/console/Application.php(946): Symfony\Component\Console\Command\Command->run(Object(Symfony\Component\Console\Input\ArgvInput), Object(Symfony\Component\Console\Output\ConsoleOutput))
#14 /var/www/html/src/cakephp/vendor/symfony/console/Application.php(248): Symfony\Component\Console\Application->doRunCommand(Object(Migrations\Command\Seed), Object(Symfony\Component\Console\Input\ArgvInput), Object(Symfony\Component\Console\Output\ConsoleOutput))
#15 /var/www/html/src/cakephp/vendor/symfony/console/Application.php(148): Symfony\Component\Console\Application->doRun(Object(Symfony\Component\Console\Input\ArgvInput), Object(Symfony\Component\Console\Output\ConsoleOutput))
#16 /var/www/html/src/cakephp/vendor/cakephp/migrations/src/Shell/MigrationsShell.php(108): Symfony\Component\Console\Application->run(Object(Symfony\Component\Console\Input\ArgvInput), Object(Symfony\Component\Console\Output\ConsoleOutput))
#17 /var/www/html/src/cakephp/vendor/cakephp/cakephp/src/Console/Shell.php(532): Migrations\Shell\MigrationsShell->main('migrations', 'seed')
#18 /var/www/html/src/cakephp/vendor/cakephp/migrations/src/Shell/MigrationsShell.php(164): Cake\Console\Shell->runCommand(Array, true, Array)
#19 /var/www/html/src/cakephp/vendor/cakephp/cakephp/src/Console/CommandRunner.php(342): Migrations\Shell\MigrationsShell->runCommand(Array, true)
#20 /var/www/html/src/cakephp/vendor/cakephp/cakephp/src/Console/CommandRunner.php(164): Cake\Console\CommandRunner->runShell(Object(Migrations\Shell\MigrationsShell), Array)
#21 /var/www/html/src/cakephp/bin/cake.php(12): Cake\Console\CommandRunner->run(Array)
#22 {main}


2018-08-15 10:05:44 Warning: The connection is going to be closed but there is an active transaction.
2018-08-15 10:05:44 Warning: Warning (2): fwrite(): supplied resource is not a valid stream resource in [/var/www/html/src/cakephp/vendor/cakephp/cakephp/src/Console/ConsoleOutput.php, line 253]
Trace:
Cake\Error\BaseErrorHandler::handleError() - CORE/src/Error/BaseErrorHandler.php, line 159
fwrite - [internal], line ??
Cake\Console\ConsoleOutput::_write() - CORE/src/Console/ConsoleOutput.php, line 253
Cake\Console\ConsoleOutput::write() - CORE/src/Console/ConsoleOutput.php, line 188
Cake\Log\Engine\ConsoleLog::log() - CORE/src/Log/Engine/ConsoleLog.php, line 94
Cake\Log\Log::write() - CORE/src/Log/Log.php, line 384
Cake\Log\Log::warning() - CORE/src/Log/Log.php, line 469
Cake\Database\Connection::__destruct() - CORE/src/Database/Connection.php, line 135
[main] - [internal], line ??



2018-08-15 10:08:58 Error: [PDOException] SQLSTATE[42S22]: Column not found: 1054 Unknown column 'username' in 'field list' in /var/www/html/src/cakephp/vendor/robmorgan/phinx/src/Phinx/Db/Adapter/PdoAdapter.php on line 392
Stack Trace:
#0 /var/www/html/src/cakephp/vendor/robmorgan/phinx/src/Phinx/Db/Adapter/PdoAdapter.php(392): PDOStatement->execute(Array)
#1 /var/www/html/src/cakephp/vendor/cakephp/migrations/src/CakeAdapter.php(400): Phinx\Db\Adapter\PdoAdapter->insert(Object(Phinx\Db\Table), Array)
#2 /var/www/html/src/cakephp/vendor/robmorgan/phinx/src/Phinx/Db/Table.php(651): Migrations\CakeAdapter->insert(Object(Phinx\Db\Table), Array)
#3 /var/www/html/src/cakephp/vendor/robmorgan/phinx/src/Phinx/Db/Table.php(639): Phinx\Db\Table->saveData()
#4 /var/www/html/src/cakephp/vendor/robmorgan/phinx/src/Phinx/Db/Table.php(675): Phinx\Db\Table->update()
#5 /var/www/html/src/cakephp/config/Seeds/UsersSeed.php(44): Phinx\Db\Table->save()
#6 /var/www/html/src/cakephp/vendor/robmorgan/phinx/src/Phinx/Migration/Manager/Environment.php(154): UsersSeed->run()
#7 /var/www/html/src/cakephp/vendor/robmorgan/phinx/src/Phinx/Migration/Manager.php(395): Phinx\Migration\Manager\Environment->executeSeed(Object(UsersSeed))
#8 /var/www/html/src/cakephp/vendor/robmorgan/phinx/src/Phinx/Migration/Manager.php(514): Phinx\Migration\Manager->executeSeed('default', Object(UsersSeed))
#9 /var/www/html/src/cakephp/vendor/robmorgan/phinx/src/Phinx/Console/Command/SeedRun.php(110): Phinx\Migration\Manager->seed('default')
#10 /var/www/html/src/cakephp/vendor/cakephp/migrations/src/Command/CommandTrait.php(35): Phinx\Console\Command\SeedRun->execute(Object(Symfony\Component\Console\Input\ArgvInput), Object(Symfony\Component\Console\Output\ConsoleOutput))
#11 /var/www/html/src/cakephp/vendor/cakephp/migrations/src/Command/Seed.php(72): Migrations\Command\Seed->parentExecute(Object(Symfony\Component\Console\Input\ArgvInput), Object(Symfony\Component\Console\Output\ConsoleOutput))
#12 /var/www/html/src/cakephp/vendor/symfony/console/Command/Command.php(251): Migrations\Command\Seed->execute(Object(Symfony\Component\Console\Input\ArgvInput), Object(Symfony\Component\Console\Output\ConsoleOutput))
#13 /var/www/html/src/cakephp/vendor/symfony/console/Application.php(946): Symfony\Component\Console\Command\Command->run(Object(Symfony\Component\Console\Input\ArgvInput), Object(Symfony\Component\Console\Output\ConsoleOutput))
#14 /var/www/html/src/cakephp/vendor/symfony/console/Application.php(248): Symfony\Component\Console\Application->doRunCommand(Object(Migrations\Command\Seed), Object(Symfony\Component\Console\Input\ArgvInput), Object(Symfony\Component\Console\Output\ConsoleOutput))
#15 /var/www/html/src/cakephp/vendor/symfony/console/Application.php(148): Symfony\Component\Console\Application->doRun(Object(Symfony\Component\Console\Input\ArgvInput), Object(Symfony\Component\Console\Output\ConsoleOutput))
#16 /var/www/html/src/cakephp/vendor/cakephp/migrations/src/Shell/MigrationsShell.php(108): Symfony\Component\Console\Application->run(Object(Symfony\Component\Console\Input\ArgvInput), Object(Symfony\Component\Console\Output\ConsoleOutput))
#17 /var/www/html/src/cakephp/vendor/cakephp/cakephp/src/Console/Shell.php(532): Migrations\Shell\MigrationsShell->main('migrations', 'seed')
#18 /var/www/html/src/cakephp/vendor/cakephp/migrations/src/Shell/MigrationsShell.php(164): Cake\Console\Shell->runCommand(Array, true, Array)
#19 /var/www/html/src/cakephp/vendor/cakephp/cakephp/src/Console/CommandRunner.php(342): Migrations\Shell\MigrationsShell->runCommand(Array, true)
#20 /var/www/html/src/cakephp/vendor/cakephp/cakephp/src/Console/CommandRunner.php(164): Cake\Console\CommandRunner->runShell(Object(Migrations\Shell\MigrationsShell), Array)
#21 /var/www/html/src/cakephp/bin/cake.php(12): Cake\Console\CommandRunner->run(Array)
#22 {main}


2018-08-15 10:08:58 Warning: The connection is going to be closed but there is an active transaction.
2018-08-15 10:08:58 Warning: Warning (2): fwrite(): supplied resource is not a valid stream resource in [/var/www/html/src/cakephp/vendor/cakephp/cakephp/src/Console/ConsoleOutput.php, line 253]
Trace:
Cake\Error\BaseErrorHandler::handleError() - CORE/src/Error/BaseErrorHandler.php, line 159
fwrite - [internal], line ??
Cake\Console\ConsoleOutput::_write() - CORE/src/Console/ConsoleOutput.php, line 253
Cake\Console\ConsoleOutput::write() - CORE/src/Console/ConsoleOutput.php, line 188
Cake\Log\Engine\ConsoleLog::log() - CORE/src/Log/Engine/ConsoleLog.php, line 94
Cake\Log\Log::write() - CORE/src/Log/Log.php, line 384
Cake\Log\Log::warning() - CORE/src/Log/Log.php, line 469
Cake\Database\Connection::__destruct() - CORE/src/Database/Connection.php, line 135
[main] - [internal], line ??



2018-08-15 10:09:47 Error: [PDOException] SQLSTATE[42S22]: Column not found: 1054 Unknown column 'username' in 'field list' in /var/www/html/src/cakephp/vendor/robmorgan/phinx/src/Phinx/Db/Adapter/PdoAdapter.php on line 392
Stack Trace:
#0 /var/www/html/src/cakephp/vendor/robmorgan/phinx/src/Phinx/Db/Adapter/PdoAdapter.php(392): PDOStatement->execute(Array)
#1 /var/www/html/src/cakephp/vendor/cakephp/migrations/src/CakeAdapter.php(400): Phinx\Db\Adapter\PdoAdapter->insert(Object(Phinx\Db\Table), Array)
#2 /var/www/html/src/cakephp/vendor/robmorgan/phinx/src/Phinx/Db/Table.php(651): Migrations\CakeAdapter->insert(Object(Phinx\Db\Table), Array)
#3 /var/www/html/src/cakephp/vendor/robmorgan/phinx/src/Phinx/Db/Table.php(639): Phinx\Db\Table->saveData()
#4 /var/www/html/src/cakephp/vendor/robmorgan/phinx/src/Phinx/Db/Table.php(675): Phinx\Db\Table->update()
#5 /var/www/html/src/cakephp/config/Seeds/UsersSeed.php(44): Phinx\Db\Table->save()
#6 /var/www/html/src/cakephp/vendor/robmorgan/phinx/src/Phinx/Migration/Manager/Environment.php(154): UsersSeed->run()
#7 /var/www/html/src/cakephp/vendor/robmorgan/phinx/src/Phinx/Migration/Manager.php(395): Phinx\Migration\Manager\Environment->executeSeed(Object(UsersSeed))
#8 /var/www/html/src/cakephp/vendor/robmorgan/phinx/src/Phinx/Migration/Manager.php(514): Phinx\Migration\Manager->executeSeed('default', Object(UsersSeed))
#9 /var/www/html/src/cakephp/vendor/robmorgan/phinx/src/Phinx/Console/Command/SeedRun.php(110): Phinx\Migration\Manager->seed('default')
#10 /var/www/html/src/cakephp/vendor/cakephp/migrations/src/Command/CommandTrait.php(35): Phinx\Console\Command\SeedRun->execute(Object(Symfony\Component\Console\Input\ArgvInput), Object(Symfony\Component\Console\Output\ConsoleOutput))
#11 /var/www/html/src/cakephp/vendor/cakephp/migrations/src/Command/Seed.php(72): Migrations\Command\Seed->parentExecute(Object(Symfony\Component\Console\Input\ArgvInput), Object(Symfony\Component\Console\Output\ConsoleOutput))
#12 /var/www/html/src/cakephp/vendor/symfony/console/Command/Command.php(251): Migrations\Command\Seed->execute(Object(Symfony\Component\Console\Input\ArgvInput), Object(Symfony\Component\Console\Output\ConsoleOutput))
#13 /var/www/html/src/cakephp/vendor/symfony/console/Application.php(946): Symfony\Component\Console\Command\Command->run(Object(Symfony\Component\Console\Input\ArgvInput), Object(Symfony\Component\Console\Output\ConsoleOutput))
#14 /var/www/html/src/cakephp/vendor/symfony/console/Application.php(248): Symfony\Component\Console\Application->doRunCommand(Object(Migrations\Command\Seed), Object(Symfony\Component\Console\Input\ArgvInput), Object(Symfony\Component\Console\Output\ConsoleOutput))
#15 /var/www/html/src/cakephp/vendor/symfony/console/Application.php(148): Symfony\Component\Console\Application->doRun(Object(Symfony\Component\Console\Input\ArgvInput), Object(Symfony\Component\Console\Output\ConsoleOutput))
#16 /var/www/html/src/cakephp/vendor/cakephp/migrations/src/Shell/MigrationsShell.php(108): Symfony\Component\Console\Application->run(Object(Symfony\Component\Console\Input\ArgvInput), Object(Symfony\Component\Console\Output\ConsoleOutput))
#17 /var/www/html/src/cakephp/vendor/cakephp/cakephp/src/Console/Shell.php(532): Migrations\Shell\MigrationsShell->main('migrations', 'seed')
#18 /var/www/html/src/cakephp/vendor/cakephp/migrations/src/Shell/MigrationsShell.php(164): Cake\Console\Shell->runCommand(Array, true, Array)
#19 /var/www/html/src/cakephp/vendor/cakephp/cakephp/src/Console/CommandRunner.php(342): Migrations\Shell\MigrationsShell->runCommand(Array, true)
#20 /var/www/html/src/cakephp/vendor/cakephp/cakephp/src/Console/CommandRunner.php(164): Cake\Console\CommandRunner->runShell(Object(Migrations\Shell\MigrationsShell), Array)
#21 /var/www/html/src/cakephp/bin/cake.php(12): Cake\Console\CommandRunner->run(Array)
#22 {main}


2018-08-15 10:09:47 Warning: The connection is going to be closed but there is an active transaction.
2018-08-15 10:09:47 Warning: Warning (2): fwrite(): supplied resource is not a valid stream resource in [/var/www/html/src/cakephp/vendor/cakephp/cakephp/src/Console/ConsoleOutput.php, line 253]
Trace:
Cake\Error\BaseErrorHandler::handleError() - CORE/src/Error/BaseErrorHandler.php, line 159
fwrite - [internal], line ??
Cake\Console\ConsoleOutput::_write() - CORE/src/Console/ConsoleOutput.php, line 253
Cake\Console\ConsoleOutput::write() - CORE/src/Console/ConsoleOutput.php, line 188
Cake\Log\Engine\ConsoleLog::log() - CORE/src/Log/Engine/ConsoleLog.php, line 94
Cake\Log\Log::write() - CORE/src/Log/Log.php, line 384
Cake\Log\Log::warning() - CORE/src/Log/Log.php, line 469
Cake\Database\Connection::__destruct() - CORE/src/Database/Connection.php, line 135
[main] - [internal], line ??



2018-08-17 00:41:50 Error: [Cake\Core\Exception\Exception] AclNode::node() - Couldn't find Aros node identified by "Array
(
    [Aros0.model] => Groups
    [Aros0.foreign_key] => 1
)
" in /var/www/html/src/cakephp/vendor/cakephp/acl/src/Model/Table/AclNodesTable.php on line 185
Stack Trace:
#0 /var/www/html/src/cakephp/vendor/cakephp/acl/src/Model/Table/PermissionsTable.php(225): Acl\Model\Table\AclNodesTable->node(Array)
#1 /var/www/html/src/cakephp/vendor/cakephp/acl/src/Model/Table/PermissionsTable.php(167): Acl\Model\Table\PermissionsTable->getAclLink(Object(App\Model\Entity\Group), 'Users')
#2 /var/www/html/src/cakephp/vendor/cakephp/acl/src/Adapter/DbAcl.php(95): Acl\Model\Table\PermissionsTable->allow(Object(App\Model\Entity\Group), 'Users', '*', -1)
#3 /var/www/html/src/cakephp/vendor/cakephp/acl/src/Adapter/DbAcl.php(109): Acl\Adapter\DbAcl->allow(Object(App\Model\Entity\Group), 'Users', '*', -1)
#4 /var/www/html/src/cakephp/vendor/cakephp/acl/src/Controller/Component/AclComponent.php(148): Acl\Adapter\DbAcl->deny(Object(App\Model\Entity\Group), 'Users', '*')
#5 /var/www/html/src/cakephp/src/Shell/UpdateAclShell.php(155): Acl\Controller\Component\AclComponent->deny(Object(App\Model\Entity\Group), 'Users')
#6 /var/www/html/src/cakephp/src/Shell/UpdateAclShell.php(117): App\Shell\UpdateAclShell->allow4Group(1, Array)
#7 /var/www/html/src/cakephp/src/Shell/UpdateAclShell.php(137): App\Shell\UpdateAclShell->acl()
#8 /var/www/html/src/cakephp/vendor/cakephp/cakephp/src/Console/Shell.php(512): App\Shell\UpdateAclShell->all()
#9 /var/www/html/src/cakephp/vendor/cakephp/cakephp/src/Console/CommandRunner.php(342): Cake\Console\Shell->runCommand(Array, true)
#10 /var/www/html/src/cakephp/vendor/cakephp/cakephp/src/Console/CommandRunner.php(164): Cake\Console\CommandRunner->runShell(Object(App\Shell\UpdateAclShell), Array)
#11 /var/www/html/src/cakephp/bin/cake.php(12): Cake\Console\CommandRunner->run(Array)
#12 {main}


2018-08-17 00:44:30 Error: [Cake\Core\Exception\Exception] AclNode::node() - Couldn't find Aros node identified by "Array
(
    [Aros0.model] => Groups
    [Aros0.foreign_key] => 1
)
" in /var/www/html/src/cakephp/vendor/cakephp/acl/src/Model/Table/AclNodesTable.php on line 185
Stack Trace:
#0 /var/www/html/src/cakephp/vendor/cakephp/acl/src/Model/Table/PermissionsTable.php(225): Acl\Model\Table\AclNodesTable->node(Array)
#1 /var/www/html/src/cakephp/vendor/cakephp/acl/src/Model/Table/PermissionsTable.php(167): Acl\Model\Table\PermissionsTable->getAclLink(Object(App\Model\Entity\Group), 'Users')
#2 /var/www/html/src/cakephp/vendor/cakephp/acl/src/Adapter/DbAcl.php(95): Acl\Model\Table\PermissionsTable->allow(Object(App\Model\Entity\Group), 'Users', '*', -1)
#3 /var/www/html/src/cakephp/vendor/cakephp/acl/src/Adapter/DbAcl.php(109): Acl\Adapter\DbAcl->allow(Object(App\Model\Entity\Group), 'Users', '*', -1)
#4 /var/www/html/src/cakephp/vendor/cakephp/acl/src/Controller/Component/AclComponent.php(148): Acl\Adapter\DbAcl->deny(Object(App\Model\Entity\Group), 'Users', '*')
#5 /var/www/html/src/cakephp/src/Shell/UpdateAclShell.php(155): Acl\Controller\Component\AclComponent->deny(Object(App\Model\Entity\Group), 'Users')
#6 /var/www/html/src/cakephp/src/Shell/UpdateAclShell.php(117): App\Shell\UpdateAclShell->allow4Group(1, Array)
#7 /var/www/html/src/cakephp/src/Shell/UpdateAclShell.php(137): App\Shell\UpdateAclShell->acl()
#8 /var/www/html/src/cakephp/vendor/cakephp/cakephp/src/Console/Shell.php(512): App\Shell\UpdateAclShell->all()
#9 /var/www/html/src/cakephp/vendor/cakephp/cakephp/src/Console/CommandRunner.php(342): Cake\Console\Shell->runCommand(Array, true)
#10 /var/www/html/src/cakephp/vendor/cakephp/cakephp/src/Console/CommandRunner.php(164): Cake\Console\CommandRunner->runShell(Object(App\Shell\UpdateAclShell), Array)
#11 /var/www/html/src/cakephp/bin/cake.php(12): Cake\Console\CommandRunner->run(Array)
#12 {main}


2018-08-17 00:48:24 Error: [Cake\Core\Exception\Exception] AclNode::node() - Couldn't find Aros node identified by "Array
(
    [Aros0.model] => Groups
    [Aros0.foreign_key] => 1
)
" in /var/www/html/src/cakephp/vendor/cakephp/acl/src/Model/Table/AclNodesTable.php on line 185
Stack Trace:
#0 /var/www/html/src/cakephp/vendor/cakephp/acl/src/Model/Table/PermissionsTable.php(225): Acl\Model\Table\AclNodesTable->node(Array)
#1 /var/www/html/src/cakephp/vendor/cakephp/acl/src/Model/Table/PermissionsTable.php(167): Acl\Model\Table\PermissionsTable->getAclLink(Object(App\Model\Entity\Group), 'Users')
#2 /var/www/html/src/cakephp/vendor/cakephp/acl/src/Adapter/DbAcl.php(95): Acl\Model\Table\PermissionsTable->allow(Object(App\Model\Entity\Group), 'Users', '*', -1)
#3 /var/www/html/src/cakephp/vendor/cakephp/acl/src/Adapter/DbAcl.php(109): Acl\Adapter\DbAcl->allow(Object(App\Model\Entity\Group), 'Users', '*', -1)
#4 /var/www/html/src/cakephp/vendor/cakephp/acl/src/Controller/Component/AclComponent.php(148): Acl\Adapter\DbAcl->deny(Object(App\Model\Entity\Group), 'Users', '*')
#5 /var/www/html/src/cakephp/src/Shell/UpdateAclShell.php(155): Acl\Controller\Component\AclComponent->deny(Object(App\Model\Entity\Group), 'Users')
#6 /var/www/html/src/cakephp/src/Shell/UpdateAclShell.php(117): App\Shell\UpdateAclShell->allow4Group(1, Array)
#7 /var/www/html/src/cakephp/src/Shell/UpdateAclShell.php(137): App\Shell\UpdateAclShell->acl()
#8 /var/www/html/src/cakephp/vendor/cakephp/cakephp/src/Console/Shell.php(512): App\Shell\UpdateAclShell->all()
#9 /var/www/html/src/cakephp/vendor/cakephp/cakephp/src/Console/CommandRunner.php(342): Cake\Console\Shell->runCommand(Array, true)
#10 /var/www/html/src/cakephp/vendor/cakephp/cakephp/src/Console/CommandRunner.php(164): Cake\Console\CommandRunner->runShell(Object(App\Shell\UpdateAclShell), Array)
#11 /var/www/html/src/cakephp/bin/cake.php(12): Cake\Console\CommandRunner->run(Array)
#12 {main}


2018-08-17 00:50:20 Error: [Phinx\Migration\IrreversibleMigrationException] Cannot reverse a "truncateTable" command in /var/www/html/src/cakephp/vendor/robmorgan/phinx/src/Phinx/Db/Adapter/ProxyAdapter.php on line 227
Stack Trace:
#0 /var/www/html/src/cakephp/vendor/robmorgan/phinx/src/Phinx/Db/Adapter/ProxyAdapter.php(263): Phinx\Db\Adapter\ProxyAdapter->getInvertedCommands()
#1 /var/www/html/src/cakephp/vendor/robmorgan/phinx/src/Phinx/Migration/Manager/Environment.php(118): Phinx\Db\Adapter\ProxyAdapter->executeInvertedCommands()
#2 /var/www/html/src/cakephp/vendor/robmorgan/phinx/src/Phinx/Migration/Manager.php(366): Phinx\Migration\Manager\Environment->executeMigration(Object(CreateGroups), 'down')
#3 /var/www/html/src/cakephp/vendor/robmorgan/phinx/src/Phinx/Migration/Manager.php(489): Phinx\Migration\Manager->executeMigration('default', Object(CreateGroups), 'down')
#4 /var/www/html/src/cakephp/vendor/robmorgan/phinx/src/Phinx/Console/Command/Rollback.php(124): Phinx\Migration\Manager->rollback('default', 20180815053221, false, true)
#5 /var/www/html/src/cakephp/vendor/cakephp/migrations/src/Command/CommandTrait.php(35): Phinx\Console\Command\Rollback->execute(Object(Symfony\Component\Console\Input\ArgvInput), Object(Symfony\Component\Console\Output\ConsoleOutput))
#6 /var/www/html/src/cakephp/vendor/cakephp/migrations/src/Command/Rollback.php(66): Migrations\Command\Rollback->parentExecute(Object(Symfony\Component\Console\Input\ArgvInput), Object(Symfony\Component\Console\Output\ConsoleOutput))
#7 /var/www/html/src/cakephp/vendor/symfony/console/Command/Command.php(251): Migrations\Command\Rollback->execute(Object(Symfony\Component\Console\Input\ArgvInput), Object(Symfony\Component\Console\Output\ConsoleOutput))
#8 /var/www/html/src/cakephp/vendor/symfony/console/Application.php(946): Symfony\Component\Console\Command\Command->run(Object(Symfony\Component\Console\Input\ArgvInput), Object(Symfony\Component\Console\Output\ConsoleOutput))
#9 /var/www/html/src/cakephp/vendor/symfony/console/Application.php(248): Symfony\Component\Console\Application->doRunCommand(Object(Migrations\Command\Rollback), Object(Symfony\Component\Console\Input\ArgvInput), Object(Symfony\Component\Console\Output\ConsoleOutput))
#10 /var/www/html/src/cakephp/vendor/symfony/console/Application.php(148): Symfony\Component\Console\Application->doRun(Object(Symfony\Component\Console\Input\ArgvInput), Object(Symfony\Component\Console\Output\ConsoleOutput))
#11 /var/www/html/src/cakephp/vendor/cakephp/migrations/src/Shell/MigrationsShell.php(108): Symfony\Component\Console\Application->run(Object(Symfony\Component\Console\Input\ArgvInput), Object(Symfony\Component\Console\Output\ConsoleOutput))
#12 /var/www/html/src/cakephp/vendor/cakephp/cakephp/src/Console/Shell.php(532): Migrations\Shell\MigrationsShell->main('migrations', 'rollback')
#13 /var/www/html/src/cakephp/vendor/cakephp/migrations/src/Shell/MigrationsShell.php(164): Cake\Console\Shell->runCommand(Array, true, Array)
#14 /var/www/html/src/cakephp/vendor/cakephp/cakephp/src/Console/CommandRunner.php(342): Migrations\Shell\MigrationsShell->runCommand(Array, true)
#15 /var/www/html/src/cakephp/vendor/cakephp/cakephp/src/Console/CommandRunner.php(164): Cake\Console\CommandRunner->runShell(Object(Migrations\Shell\MigrationsShell), Array)
#16 /var/www/html/src/cakephp/bin/cake.php(12): Cake\Console\CommandRunner->run(Array)
#17 {main}


2018-08-17 00:50:20 Warning: The connection is going to be closed but there is an active transaction.
2018-08-17 00:50:20 Warning: Warning (2): fwrite(): supplied resource is not a valid stream resource in [/var/www/html/src/cakephp/vendor/cakephp/cakephp/src/Console/ConsoleOutput.php, line 253]
Trace:
Cake\Error\BaseErrorHandler::handleError() - CORE/src/Error/BaseErrorHandler.php, line 159
fwrite - [internal], line ??
Cake\Console\ConsoleOutput::_write() - CORE/src/Console/ConsoleOutput.php, line 253
Cake\Console\ConsoleOutput::write() - CORE/src/Console/ConsoleOutput.php, line 188
Cake\Log\Engine\ConsoleLog::log() - CORE/src/Log/Engine/ConsoleLog.php, line 94
Cake\Log\Log::write() - CORE/src/Log/Log.php, line 384
Cake\Log\Log::warning() - CORE/src/Log/Log.php, line 469
Cake\Database\Connection::__destruct() - CORE/src/Database/Connection.php, line 135
[main] - [internal], line ??



2018-08-17 00:50:30 Error: [Cake\Core\Exception\Exception] AclNode::node() - Couldn't find Aros node identified by "Array
(
    [Aros0.model] => Groups
    [Aros0.foreign_key] => 1
)
" in /var/www/html/src/cakephp/vendor/cakephp/acl/src/Model/Table/AclNodesTable.php on line 185
Stack Trace:
#0 /var/www/html/src/cakephp/vendor/cakephp/acl/src/Model/Table/PermissionsTable.php(225): Acl\Model\Table\AclNodesTable->node(Array)
#1 /var/www/html/src/cakephp/vendor/cakephp/acl/src/Model/Table/PermissionsTable.php(167): Acl\Model\Table\PermissionsTable->getAclLink(Object(App\Model\Entity\Group), 'Users')
#2 /var/www/html/src/cakephp/vendor/cakephp/acl/src/Adapter/DbAcl.php(95): Acl\Model\Table\PermissionsTable->allow(Object(App\Model\Entity\Group), 'Users', '*', -1)
#3 /var/www/html/src/cakephp/vendor/cakephp/acl/src/Adapter/DbAcl.php(109): Acl\Adapter\DbAcl->allow(Object(App\Model\Entity\Group), 'Users', '*', -1)
#4 /var/www/html/src/cakephp/vendor/cakephp/acl/src/Controller/Component/AclComponent.php(148): Acl\Adapter\DbAcl->deny(Object(App\Model\Entity\Group), 'Users', '*')
#5 /var/www/html/src/cakephp/src/Shell/UpdateAclShell.php(155): Acl\Controller\Component\AclComponent->deny(Object(App\Model\Entity\Group), 'Users')
#6 /var/www/html/src/cakephp/src/Shell/UpdateAclShell.php(117): App\Shell\UpdateAclShell->allow4Group(1, Array)
#7 /var/www/html/src/cakephp/src/Shell/UpdateAclShell.php(137): App\Shell\UpdateAclShell->acl()
#8 /var/www/html/src/cakephp/vendor/cakephp/cakephp/src/Console/Shell.php(512): App\Shell\UpdateAclShell->all()
#9 /var/www/html/src/cakephp/vendor/cakephp/cakephp/src/Console/CommandRunner.php(342): Cake\Console\Shell->runCommand(Array, true)
#10 /var/www/html/src/cakephp/vendor/cakephp/cakephp/src/Console/CommandRunner.php(164): Cake\Console\CommandRunner->runShell(Object(App\Shell\UpdateAclShell), Array)
#11 /var/www/html/src/cakephp/bin/cake.php(12): Cake\Console\CommandRunner->run(Array)
#12 {main}


2018-08-17 00:52:46 Error: [Cake\Core\Exception\Exception] AclNode::node() - Couldn't find Aros node identified by "Array
(
    [Aros0.model] => Groups
    [Aros0.foreign_key] => 1
)
" in /var/www/html/src/cakephp/vendor/cakephp/acl/src/Model/Table/AclNodesTable.php on line 185
Stack Trace:
#0 /var/www/html/src/cakephp/vendor/cakephp/acl/src/Model/Table/PermissionsTable.php(225): Acl\Model\Table\AclNodesTable->node(Array)
#1 /var/www/html/src/cakephp/vendor/cakephp/acl/src/Model/Table/PermissionsTable.php(167): Acl\Model\Table\PermissionsTable->getAclLink(Object(App\Model\Entity\Group), 'Users')
#2 /var/www/html/src/cakephp/vendor/cakephp/acl/src/Adapter/DbAcl.php(95): Acl\Model\Table\PermissionsTable->allow(Object(App\Model\Entity\Group), 'Users', '*', -1)
#3 /var/www/html/src/cakephp/vendor/cakephp/acl/src/Adapter/DbAcl.php(109): Acl\Adapter\DbAcl->allow(Object(App\Model\Entity\Group), 'Users', '*', -1)
#4 /var/www/html/src/cakephp/vendor/cakephp/acl/src/Controller/Component/AclComponent.php(148): Acl\Adapter\DbAcl->deny(Object(App\Model\Entity\Group), 'Users', '*')
#5 /var/www/html/src/cakephp/src/Shell/UpdateAclShell.php(155): Acl\Controller\Component\AclComponent->deny(Object(App\Model\Entity\Group), 'Users')
#6 /var/www/html/src/cakephp/src/Shell/UpdateAclShell.php(117): App\Shell\UpdateAclShell->allow4Group(1, Array)
#7 /var/www/html/src/cakephp/src/Shell/UpdateAclShell.php(137): App\Shell\UpdateAclShell->acl()
#8 /var/www/html/src/cakephp/vendor/cakephp/cakephp/src/Console/Shell.php(512): App\Shell\UpdateAclShell->all()
#9 /var/www/html/src/cakephp/vendor/cakephp/cakephp/src/Console/CommandRunner.php(342): Cake\Console\Shell->runCommand(Array, true)
#10 /var/www/html/src/cakephp/vendor/cakephp/cakephp/src/Console/CommandRunner.php(164): Cake\Console\CommandRunner->runShell(Object(App\Shell\UpdateAclShell), Array)
#11 /var/www/html/src/cakephp/bin/cake.php(12): Cake\Console\CommandRunner->run(Array)
#12 {main}


2018-08-17 00:57:23 Error: [Cake\Core\Exception\Exception] AclNode::node() - Couldn't find Aros node identified by "Array
(
    [Aros0.model] => Groups
    [Aros0.foreign_key] => 1
)
" in /var/www/html/src/cakephp/vendor/cakephp/acl/src/Model/Table/AclNodesTable.php on line 185
Stack Trace:
#0 /var/www/html/src/cakephp/vendor/cakephp/acl/src/Model/Table/PermissionsTable.php(225): Acl\Model\Table\AclNodesTable->node(Array)
#1 /var/www/html/src/cakephp/vendor/cakephp/acl/src/Model/Table/PermissionsTable.php(167): Acl\Model\Table\PermissionsTable->getAclLink(Object(App\Model\Entity\Group), 'Users')
#2 /var/www/html/src/cakephp/vendor/cakephp/acl/src/Adapter/DbAcl.php(95): Acl\Model\Table\PermissionsTable->allow(Object(App\Model\Entity\Group), 'Users', '*', -1)
#3 /var/www/html/src/cakephp/vendor/cakephp/acl/src/Adapter/DbAcl.php(109): Acl\Adapter\DbAcl->allow(Object(App\Model\Entity\Group), 'Users', '*', -1)
#4 /var/www/html/src/cakephp/vendor/cakephp/acl/src/Controller/Component/AclComponent.php(148): Acl\Adapter\DbAcl->deny(Object(App\Model\Entity\Group), 'Users', '*')
#5 /var/www/html/src/cakephp/src/Shell/UpdateAclShell.php(155): Acl\Controller\Component\AclComponent->deny(Object(App\Model\Entity\Group), 'Users')
#6 /var/www/html/src/cakephp/src/Shell/UpdateAclShell.php(117): App\Shell\UpdateAclShell->allow4Group(1, Array)
#7 /var/www/html/src/cakephp/src/Shell/UpdateAclShell.php(137): App\Shell\UpdateAclShell->acl()
#8 /var/www/html/src/cakephp/vendor/cakephp/cakephp/src/Console/Shell.php(512): App\Shell\UpdateAclShell->all()
#9 /var/www/html/src/cakephp/vendor/cakephp/cakephp/src/Console/CommandRunner.php(342): Cake\Console\Shell->runCommand(Array, true)
#10 /var/www/html/src/cakephp/vendor/cakephp/cakephp/src/Console/CommandRunner.php(164): Cake\Console\CommandRunner->runShell(Object(App\Shell\UpdateAclShell), Array)
#11 /var/www/html/src/cakephp/bin/cake.php(12): Cake\Console\CommandRunner->run(Array)
#12 {main}


2018-08-17 01:01:13 Error: [RuntimeException] Unknown command `cake truncate_table_before_seed`. Run `cake --help` to get the list of valid commands. in /var/www/html/src/cakephp/vendor/cakephp/cakephp/src/Console/CommandRunner.php on line 321
Stack Trace:
#0 /var/www/html/src/cakephp/vendor/cakephp/cakephp/src/Console/CommandRunner.php(159): Cake\Console\CommandRunner->resolveName(Object(Cake\Console\CommandCollection), Object(Cake\Console\ConsoleIo), 'truncate_table_...')
#1 /var/www/html/src/cakephp/bin/cake.php(12): Cake\Console\CommandRunner->run(Array)
#2 {main}


2018-08-17 01:01:17 Error: [Cake\Core\Exception\Exception] AclNode::node() - Couldn't find Aros node identified by "Array
(
    [Aros0.model] => Groups
    [Aros0.foreign_key] => 1
)
" in /var/www/html/src/cakephp/vendor/cakephp/acl/src/Model/Table/AclNodesTable.php on line 185
Stack Trace:
#0 /var/www/html/src/cakephp/vendor/cakephp/acl/src/Model/Table/PermissionsTable.php(225): Acl\Model\Table\AclNodesTable->node(Array)
#1 /var/www/html/src/cakephp/vendor/cakephp/acl/src/Model/Table/PermissionsTable.php(167): Acl\Model\Table\PermissionsTable->getAclLink(Object(App\Model\Entity\Group), 'Users')
#2 /var/www/html/src/cakephp/vendor/cakephp/acl/src/Adapter/DbAcl.php(95): Acl\Model\Table\PermissionsTable->allow(Object(App\Model\Entity\Group), 'Users', '*', -1)
#3 /var/www/html/src/cakephp/vendor/cakephp/acl/src/Adapter/DbAcl.php(109): Acl\Adapter\DbAcl->allow(Object(App\Model\Entity\Group), 'Users', '*', -1)
#4 /var/www/html/src/cakephp/vendor/cakephp/acl/src/Controller/Component/AclComponent.php(148): Acl\Adapter\DbAcl->deny(Object(App\Model\Entity\Group), 'Users', '*')
#5 /var/www/html/src/cakephp/src/Shell/UpdateAclShell.php(155): Acl\Controller\Component\AclComponent->deny(Object(App\Model\Entity\Group), 'Users')
#6 /var/www/html/src/cakephp/src/Shell/UpdateAclShell.php(117): App\Shell\UpdateAclShell->allow4Group(1, Array)
#7 /var/www/html/src/cakephp/src/Shell/UpdateAclShell.php(137): App\Shell\UpdateAclShell->acl()
#8 /var/www/html/src/cakephp/vendor/cakephp/cakephp/src/Console/Shell.php(512): App\Shell\UpdateAclShell->all()
#9 /var/www/html/src/cakephp/vendor/cakephp/cakephp/src/Console/CommandRunner.php(342): Cake\Console\Shell->runCommand(Array, true)
#10 /var/www/html/src/cakephp/vendor/cakephp/cakephp/src/Console/CommandRunner.php(164): Cake\Console\CommandRunner->runShell(Object(App\Shell\UpdateAclShell), Array)
#11 /var/www/html/src/cakephp/bin/cake.php(12): Cake\Console\CommandRunner->run(Array)
#12 {main}


2018-08-17 01:22:02 Error: [RuntimeException] Unknown command `cake truncate_table_before_seed`. Run `cake --help` to get the list of valid commands. in /var/www/html/src/cakephp/vendor/cakephp/cakephp/src/Console/CommandRunner.php on line 321
Stack Trace:
#0 /var/www/html/src/cakephp/vendor/cakephp/cakephp/src/Console/CommandRunner.php(159): Cake\Console\CommandRunner->resolveName(Object(Cake\Console\CommandCollection), Object(Cake\Console\ConsoleIo), 'truncate_table_...')
#1 /var/www/html/src/cakephp/bin/cake.php(12): Cake\Console\CommandRunner->run(Array)
#2 {main}


